<?xml version="1.0" encoding="UTF-8"?>
<testng-results ignored="0" total="4" passed="4" failed="0" skipped="0">
  <reporter-output>
  </reporter-output>
  <suite started-at="2023-08-29T12:28:51 BDT" name="Default suite" finished-at="2023-08-29T12:28:56 BDT" duration-ms="4560">
    <groups>
    </groups>
    <test started-at="2023-08-29T12:28:51 BDT" name="Default test" finished-at="2023-08-29T12:28:56 BDT" duration-ms="4560">
      <class name="day1.HTTPRequest">
        <test-method signature="getUser()[pri:1, instance:day1.HTTPRequest@16293aa2]" started-at="2023-08-29T12:28:52 BDT" name="getUser" finished-at="2023-08-29T12:28:54 BDT" duration-ms="2328" status="PASS">
          <reporter-output>
          </reporter-output>
        </test-method> <!-- getUser -->
        <test-method signature="addUser()[pri:2, instance:day1.HTTPRequest@16293aa2]" started-at="2023-08-29T12:28:54 BDT" name="addUser" finished-at="2023-08-29T12:28:55 BDT" duration-ms="859" status="PASS">
          <reporter-output>
          </reporter-output>
        </test-method> <!-- addUser -->
        <test-method signature="update()[pri:3, instance:day1.HTTPRequest@16293aa2]" started-at="2023-08-29T12:28:55 BDT" name="update" finished-at="2023-08-29T12:28:55 BDT" depends-on-methods="day1.HTTPRequest.addUser" duration-ms="650" status="PASS">
          <reporter-output>
          </reporter-output>
        </test-method> <!-- update -->
        <test-method signature="delete()[pri:4, instance:day1.HTTPRequest@16293aa2]" started-at="2023-08-29T12:28:55 BDT" name="delete" finished-at="2023-08-29T12:28:56 BDT" duration-ms="678" status="PASS">
          <reporter-output>
          </reporter-output>
        </test-method> <!-- delete -->
      </class> <!-- day1.HTTPRequest -->
    </test> <!-- Default test -->
  </suite> <!-- Default suite -->
</testng-results>
