<?xml version="1.0" encoding="UTF-8"?>
<!-- Generated by org.testng.reporters.JUnitXMLReporter -->
<testsuite ignored="0" hostname="MTR-ST-AIO" failures="0" tests="4" name="Default test" time="4.56" errors="0" timestamp="2023-08-29T12:28:56 BDT">
  <testcase classname="day1.HTTPRequest" name="getUser" time="2.328"/>
  <testcase classname="day1.HTTPRequest" name="addUser" time="0.859"/>
  <testcase classname="day1.HTTPRequest" name="update" time="0.65"/>
  <testcase classname="day1.HTTPRequest" name="delete" time="0.678"/>
</testsuite> <!-- Default test -->
